

Version:	3.50
CmdLine:	C:\Users\micha\Downloads\MessageEntryTool.exe --l4j-debug
JNI:		No
WOW64:		Yes
Working dir:	C:\Users\micha\Downloads\.
Requires JDK:	Yes
Requires 64-Bit: No
Java min ver:	1.017.000
Java max ver:	
JRE paths:	B:\Program Files\Java\jdk-24
Check launcher:	B:\Program Files\Java\jdk-24\bin\javaw.exe (OK)
Check javac:	B:\Program Files\Java\jdk-24\bin\javac.exe (OK)
Version string: 1.024.000_001 / 64-Bit (OK)
Launcher:	B:\Program Files\Java\jdk-24\bin\javaw.exe
Launcher args:	-jar "C:\Users\micha\Downloads\MessageEntryTool.exe"
Args length:	52/32768 chars
Exit code:	0


Version:	3.50
CmdLine:	C:\Users\micha\Pictures\Naomi\MessageEntryTool\app\MessageTool.exe --l4j-debug
JNI:		No
WOW64:		Yes
Working dir:	C:\Users\micha\Pictures\Naomi\MessageEntryTool\app\.
Requires JDK:	No
Requires 64-Bit: No
Java min ver:	1.017.000
Java max ver:	
JRE paths:	MessageEntryTool\app
Check launcher:	C:\Users\micha\Pictures\Naomi\MessageEntryTool\app\MessageEntryTool\app\bin\javaw.exe (not found)
64-bit search:	SOFTWARE\JavaSoft\Java Runtime Environment...
32-bit search:	SOFTWARE\JavaSoft\Java Runtime Environment...
64-bit search:	SOFTWARE\JavaSoft\Java Development Kit...
32-bit search:	SOFTWARE\JavaSoft\Java Development Kit...
64-bit search:	SOFTWARE\JavaSoft\JRE...
32-bit search:	SOFTWARE\JavaSoft\JRE...
64-bit search:	SOFTWARE\JavaSoft\JDK...
Check:		SOFTWARE\JavaSoft\JDK\24.0.1
Version string: 1.024.000_001 / 64-Bit (OK)
Check launcher:	B:\Program Files\Java\jdk-24\bin\javaw.exe (OK)
Match:		1.024.000_001
Runtime used:	1.024.000_001 (64-bit)
Launcher:	B:\Program Files\Java\jdk-24\bin\javaw.exe
Launcher args:	-jar "C:\Users\micha\Pictures\Naomi\MessageEntryTool\app\MessageTool.exe"
Args length:	73/32768 chars
Exit code:	0


Version:	3.50
CmdLine:	C:\Users\micha\Pictures\Naomi\MessageEntryTool\app\MessageTool.exe --l4j-debug
JNI:		No
WOW64:		Yes
Working dir:	C:\Users\micha\Pictures\Naomi\MessageEntryTool\app\.
Requires JDK:	No
Requires 64-Bit: No
Java min ver:	1.011.000
Java max ver:	
JRE paths:	C:\Users\micha\Pictures\Naomi\MessageEntryTool\app\jre
Check launcher:	C:\Users\micha\Pictures\Naomi\MessageEntryTool\app\jre\bin\javaw.exe (OK)
Version string: 1.024.000_001 / 64-Bit (OK)
Launcher:	C:\Users\micha\Pictures\Naomi\MessageEntryTool\app\jre\bin\javaw.exe
Launcher args:	-jar "C:\Users\micha\Pictures\Naomi\MessageEntryTool\app\MessageTool.exe"
Args length:	73/32768 chars
Exit code:	0


Version:	3.50
CmdLine:	C:\Users\micha\Pictures\Naomi\MessageEntryTool\app\MessageTool.exe --l4j-debug
JNI:		No
WOW64:		Yes
Working dir:	C:\Users\micha\Pictures\Naomi\MessageEntryTool\app\.
Requires JDK:	No
Requires 64-Bit: No
Java min ver:	1.008.000
Java max ver:	
JRE paths:	app\jre
Check launcher:	C:\Users\micha\Pictures\Naomi\MessageEntryTool\app\app\jre\bin\javaw.exe (not found)
64-bit search:	SOFTWARE\JavaSoft\Java Runtime Environment...
32-bit search:	SOFTWARE\JavaSoft\Java Runtime Environment...
64-bit search:	SOFTWARE\JavaSoft\Java Development Kit...
32-bit search:	SOFTWARE\JavaSoft\Java Development Kit...
64-bit search:	SOFTWARE\JavaSoft\JRE...
32-bit search:	SOFTWARE\JavaSoft\JRE...
64-bit search:	SOFTWARE\JavaSoft\JDK...
Check:		SOFTWARE\JavaSoft\JDK\24.0.1
Version string: 1.024.000_001 / 64-Bit (OK)
Check launcher:	B:\Program Files\Java\jdk-24\bin\javaw.exe (OK)
Match:		1.024.000_001
Runtime used:	1.024.000_001 (64-bit)
Launcher:	B:\Program Files\Java\jdk-24\bin\javaw.exe
Launcher args:	-jar "C:\Users\micha\Pictures\Naomi\MessageEntryTool\app\MessageTool.exe"
Args length:	73/32768 chars
Exit code:	0


Version:	3.50
CmdLine:	C:\Users\micha\Pictures\Naomi\MessageEntryTool\app\MessageEntryTool.exe --l4j-debug
JNI:		No
WOW64:		Yes
Working dir:	C:\Users\micha\Pictures\Naomi\MessageEntryTool\app\.
Requires JDK:	No
Requires 64-Bit: No
Java min ver:	1.008.000
Java max ver:	
JRE paths:	app\jre
Check launcher:	C:\Users\micha\Pictures\Naomi\MessageEntryTool\app\app\jre\bin\javaw.exe (not found)
64-bit search:	SOFTWARE\JavaSoft\Java Runtime Environment...
32-bit search:	SOFTWARE\JavaSoft\Java Runtime Environment...
64-bit search:	SOFTWARE\JavaSoft\Java Development Kit...
32-bit search:	SOFTWARE\JavaSoft\Java Development Kit...
64-bit search:	SOFTWARE\JavaSoft\JRE...
32-bit search:	SOFTWARE\JavaSoft\JRE...
64-bit search:	SOFTWARE\JavaSoft\JDK...
Check:		SOFTWARE\JavaSoft\JDK\24.0.1
Version string: 1.024.000_001 / 64-Bit (OK)
Check launcher:	B:\Program Files\Java\jdk-24\bin\javaw.exe (OK)
Match:		1.024.000_001
Runtime used:	1.024.000_001 (64-bit)
Launcher:	B:\Program Files\Java\jdk-24\bin\javaw.exe
Launcher args:	-jar "C:\Users\micha\Pictures\Naomi\MessageEntryTool\app\MessageEntryTool.exe"
Args length:	78/32768 chars
Exit code:	0


Version:	3.50
CmdLine:	C:\Users\micha\Pictures\Naomi\MessageEntryTool\app\MessageEntryTool.exe --l4j-debug
JNI:		No
WOW64:		Yes
Working dir:	C:\Users\micha\Pictures\Naomi\MessageEntryTool\app\.
Requires JDK:	No
Requires 64-Bit: No
Java min ver:	1.008.000
Java max ver:	
JRE paths:	jre
Check launcher:	C:\Users\micha\Pictures\Naomi\MessageEntryTool\app\jre\bin\javaw.exe (OK)
Version string: 1.024.000_001 / 64-Bit (OK)
Launcher:	C:\Users\micha\Pictures\Naomi\MessageEntryTool\app\jre\bin\javaw.exe
Launcher args:	-jar "C:\Users\micha\Pictures\Naomi\MessageEntryTool\app\MessageEntryTool.exe"
Args length:	78/32768 chars
Exit code:	0


Version:	3.50
CmdLine:	C:\Users\micha\Pictures\Naomi\MessageEntryTool\app\MessageEntryTool.exe --l4j-debug
JNI:		No
WOW64:		Yes
Working dir:	C:\Users\micha\Pictures\Naomi\MessageEntryTool\app\.
Requires JDK:	No
Requires 64-Bit: No
Java min ver:	1.008.000
Java max ver:	
JRE paths:	JRE
Check launcher:	C:\Users\micha\Pictures\Naomi\MessageEntryTool\app\JRE\bin\javaw.exe (OK)
Version string: 1.024.000_001 / 64-Bit (OK)
Launcher:	C:\Users\micha\Pictures\Naomi\MessageEntryTool\app\JRE\bin\javaw.exe
Launcher args:	-jar "C:\Users\micha\Pictures\Naomi\MessageEntryTool\app\MessageEntryTool.exe"
Args length:	78/32768 chars
Exit code:	0


Version:	3.50
CmdLine:	C:\Users\micha\Pictures\Naomi\MessageEntryTool\app\MessageEntryTool.exe --l4j-debug
JNI:		No
WOW64:		Yes
Working dir:	C:\Users\micha\Pictures\Naomi\MessageEntryTool\app\.
Requires JDK:	No
Requires 64-Bit: No
Java min ver:	1.008.000
Java max ver:	
JRE paths:	jre
Check launcher:	C:\Users\micha\Pictures\Naomi\MessageEntryTool\app\jre\bin\javaw.exe (OK)
Version string: 1.024.000_001 / 64-Bit (OK)
Launcher:	C:\Users\micha\Pictures\Naomi\MessageEntryTool\app\jre\bin\javaw.exe
Launcher args:	-jar "C:\Users\micha\Pictures\Naomi\MessageEntryTool\app\MessageEntryTool.exe"
Args length:	78/32768 chars
Exit code:	0


Version:	3.50
CmdLine:	C:\Users\micha\Pictures\Naomi\MessageEntryTool\app\MessageEntryTool.exe --l4j-debug
JNI:		No
WOW64:		Yes
Working dir:	C:\Users\micha\Pictures\Naomi\MessageEntryTool\app\.
Requires JDK:	No
Requires 64-Bit: No
Java min ver:	1.008.000
Java max ver:	
JRE paths:	jre
Check launcher:	C:\Users\micha\Pictures\Naomi\MessageEntryTool\app\jre\bin\javaw.exe (OK)
Version string: 1.024.000_001 / 64-Bit (OK)
Launcher:	C:\Users\micha\Pictures\Naomi\MessageEntryTool\app\jre\bin\javaw.exe
Launcher args:	-jar "C:\Users\micha\Pictures\Naomi\MessageEntryTool\app\MessageEntryTool.exe"
Args length:	78/32768 chars
Exit code:	0


Version:	3.50
CmdLine:	C:\Users\micha\Pictures\Naomi\MessageEntryTool\app\MessageEntryTool.exe --l4j-debug
JNI:		No
WOW64:		Yes
Working dir:	C:\Users\micha\Pictures\Naomi\MessageEntryTool\app\.
Requires JDK:	No
Requires 64-Bit: No
Java min ver:	1.008.000
Java max ver:	
JRE paths:	jre
Check launcher:	C:\Users\micha\Pictures\Naomi\MessageEntryTool\app\jre\bin\javaw.exe (OK)
Version string: 1.024.000_001 / 64-Bit (OK)
Launcher:	C:\Users\micha\Pictures\Naomi\MessageEntryTool\app\jre\bin\javaw.exe
Launcher args:	-jar "C:\Users\micha\Pictures\Naomi\MessageEntryTool\app\MessageEntryTool.exe"
Args length:	78/32768 chars
Exit code:	0


Version:	3.50
CmdLine:	C:\Users\micha\Pictures\Naomi\MessageEntryTool\app\MessageEntryTool.exe --l4j-debug
JNI:		No
WOW64:		Yes
Working dir:	C:\Users\micha\Pictures\Naomi\MessageEntryTool\app\.
Requires JDK:	No
Requires 64-Bit: No
Java min ver:	1.008.000
Java max ver:	
JRE paths:	jre
Check launcher:	C:\Users\micha\Pictures\Naomi\MessageEntryTool\app\jre\bin\javaw.exe (OK)
Version string: 1.024.000_001 / 64-Bit (OK)
Launcher:	C:\Users\micha\Pictures\Naomi\MessageEntryTool\app\jre\bin\javaw.exe
Launcher args:	-jar "C:\Users\micha\Pictures\Naomi\MessageEntryTool\app\MessageEntryTool.exe"
Args length:	78/32768 chars
Exit code:	0


Version:	3.50
CmdLine:	C:\Users\micha\Pictures\Naomi\MessageEntryTool\app\MessageEntryTool.exe --l4j-debug
JNI:		No
WOW64:		Yes
Working dir:	C:\Users\micha\Pictures\Naomi\MessageEntryTool\app\.
Requires JDK:	No
Requires 64-Bit: No
Java min ver:	1.008.000
Java max ver:	
JRE paths:	jre
Check launcher:	C:\Users\micha\Pictures\Naomi\MessageEntryTool\app\jre\bin\javaw.exe (OK)
Version string: 1.024.000_001 / 64-Bit (OK)
Launcher:	C:\Users\micha\Pictures\Naomi\MessageEntryTool\app\jre\bin\javaw.exe
Launcher args:	-jar "C:\Users\micha\Pictures\Naomi\MessageEntryTool\app\MessageEntryTool.exe"
Args length:	78/32768 chars
Exit code:	0
